This is pdfTeX, Version 3.1415926-1.40.11 (TeX Live 2010) (format=pdflatex 2010.10.15)  10 APR 2014 15:53
entering extended mode
 restricted \write18 enabled.
 %&-line parsing enabled.
**PhenStatUsersGuide.tex
(./PhenStatUsersGuide.tex
LaTeX2e <2009/09/24>
Babel <v3.8l> and hyphenation patterns for english, dumylang, nohyphenation, ge
rman-x-2009-06-19, ngerman-x-2009-06-19, ancientgreek, ibycus, arabic, armenian
, basque, bulgarian, catalan, pinyin, coptic, croatian, czech, danish, dutch, u
kenglish, usenglishmax, esperanto, estonian, farsi, finnish, french, galician, 
german, ngerman, swissgerman, monogreek, greek, hungarian, icelandic, assamese,
 bengali, gujarati, hindi, kannada, malayalam, marathi, oriya, panjabi, tamil, 
telugu, indonesian, interlingua, irish, italian, kurmanji, lao, latin, latvian,
 lithuanian, mongolian, mongolianlmc, bokmal, nynorsk, polish, portuguese, roma
nian, russian, sanskrit, serbian, slovak, slovenian, spanish, swedish, turkish,
 turkmen, ukrainian, uppersorbian, welsh, loaded.
(/usr/local/texlive/2010/texmf-dist/tex/latex/base/article.cls
Document Class: article 2007/10/19 v1.4h Standard LaTeX document class
(/usr/local/texlive/2010/texmf-dist/tex/latex/base/size12.clo
File: size12.clo 2007/10/19 v1.4h Standard LaTeX file (size option)
)
\c@part=\count79
\c@section=\count80
\c@subsection=\count81
\c@subsubsection=\count82
\c@paragraph=\count83
\c@subparagraph=\count84
\c@figure=\count85
\c@table=\count86
\abovecaptionskip=\skip41
\belowcaptionskip=\skip42
\bibindent=\dimen102
)
(/usr/local/texlive/2010/texmf-dist/tex/latex/base/inputenc.sty
Package: inputenc 2008/03/30 v1.1d Input encoding file
\inpenc@prehook=\toks14
\inpenc@posthook=\toks15

(/usr/local/texlive/2010/texmf-dist/tex/latex/base/utf8.def
File: utf8.def 2008/04/05 v1.1m UTF-8 support for inputenc
Now handling font encoding OML ...
... no UTF-8 mapping file for font encoding OML
Now handling font encoding T1 ...
... processing UTF-8 mapping file for font encoding T1

(/usr/local/texlive/2010/texmf-dist/tex/latex/base/t1enc.dfu
File: t1enc.dfu 2008/04/05 v1.1m UTF-8 support for inputenc
   defining Unicode char U+00A1 (decimal 161)
   defining Unicode char U+00A3 (decimal 163)
   defining Unicode char U+00AB (decimal 171)
   defining Unicode char U+00BB (decimal 187)
   defining Unicode char U+00BF (decimal 191)
   defining Unicode char U+00C0 (decimal 192)
   defining Unicode char U+00C1 (decimal 193)
   defining Unicode char U+00C2 (decimal 194)
   defining Unicode char U+00C3 (decimal 195)
   defining Unicode char U+00C4 (decimal 196)
   defining Unicode char U+00C5 (decimal 197)
   defining Unicode char U+00C6 (decimal 198)
   defining Unicode char U+00C7 (decimal 199)
   defining Unicode char U+00C8 (decimal 200)
   defining Unicode char U+00C9 (decimal 201)
   defining Unicode char U+00CA (decimal 202)
   defining Unicode char U+00CB (decimal 203)
   defining Unicode char U+00CC (decimal 204)
   defining Unicode char U+00CD (decimal 205)
   defining Unicode char U+00CE (decimal 206)
   defining Unicode char U+00CF (decimal 207)
   defining Unicode char U+00D0 (decimal 208)
   defining Unicode char U+00D1 (decimal 209)
   defining Unicode char U+00D2 (decimal 210)
   defining Unicode char U+00D3 (decimal 211)
   defining Unicode char U+00D4 (decimal 212)
   defining Unicode char U+00D5 (decimal 213)
   defining Unicode char U+00D6 (decimal 214)
   defining Unicode char U+00D8 (decimal 216)
   defining Unicode char U+00D9 (decimal 217)
   defining Unicode char U+00DA (decimal 218)
   defining Unicode char U+00DB (decimal 219)
   defining Unicode char U+00DC (decimal 220)
   defining Unicode char U+00DD (decimal 221)
   defining Unicode char U+00DE (decimal 222)
   defining Unicode char U+00DF (decimal 223)
   defining Unicode char U+00E0 (decimal 224)
   defining Unicode char U+00E1 (decimal 225)
   defining Unicode char U+00E2 (decimal 226)
   defining Unicode char U+00E3 (decimal 227)
   defining Unicode char U+00E4 (decimal 228)
   defining Unicode char U+00E5 (decimal 229)
   defining Unicode char U+00E6 (decimal 230)
   defining Unicode char U+00E7 (decimal 231)
   defining Unicode char U+00E8 (decimal 232)
   defining Unicode char U+00E9 (decimal 233)
   defining Unicode char U+00EA (decimal 234)
   defining Unicode char U+00EB (decimal 235)
   defining Unicode char U+00EC (decimal 236)
   defining Unicode char U+00ED (decimal 237)
   defining Unicode char U+00EE (decimal 238)
   defining Unicode char U+00EF (decimal 239)
   defining Unicode char U+00F0 (decimal 240)
   defining Unicode char U+00F1 (decimal 241)
   defining Unicode char U+00F2 (decimal 242)
   defining Unicode char U+00F3 (decimal 243)
   defining Unicode char U+00F4 (decimal 244)
   defining Unicode char U+00F5 (decimal 245)
   defining Unicode char U+00F6 (decimal 246)
   defining Unicode char U+00F8 (decimal 248)
   defining Unicode char U+00F9 (decimal 249)
   defining Unicode char U+00FA (decimal 250)
   defining Unicode char U+00FB (decimal 251)
   defining Unicode char U+00FC (decimal 252)
   defining Unicode char U+00FD (decimal 253)
   defining Unicode char U+00FE (decimal 254)
   defining Unicode char U+00FF (decimal 255)
   defining Unicode char U+0102 (decimal 258)
   defining Unicode char U+0103 (decimal 259)
   defining Unicode char U+0104 (decimal 260)
   defining Unicode char U+0105 (decimal 261)
   defining Unicode char U+0106 (decimal 262)
   defining Unicode char U+0107 (decimal 263)
   defining Unicode char U+010C (decimal 268)
   defining Unicode char U+010D (decimal 269)
   defining Unicode char U+010E (decimal 270)
   defining Unicode char U+010F (decimal 271)
   defining Unicode char U+0110 (decimal 272)
   defining Unicode char U+0111 (decimal 273)
   defining Unicode char U+0118 (decimal 280)
   defining Unicode char U+0119 (decimal 281)
   defining Unicode char U+011A (decimal 282)
   defining Unicode char U+011B (decimal 283)
   defining Unicode char U+011E (decimal 286)
   defining Unicode char U+011F (decimal 287)
   defining Unicode char U+0130 (decimal 304)
   defining Unicode char U+0131 (decimal 305)
   defining Unicode char U+0132 (decimal 306)
   defining Unicode char U+0133 (decimal 307)
   defining Unicode char U+0139 (decimal 313)
   defining Unicode char U+013A (decimal 314)
   defining Unicode char U+013D (decimal 317)
   defining Unicode char U+013E (decimal 318)
   defining Unicode char U+0141 (decimal 321)
   defining Unicode char U+0142 (decimal 322)
   defining Unicode char U+0143 (decimal 323)
   defining Unicode char U+0144 (decimal 324)
   defining Unicode char U+0147 (decimal 327)
   defining Unicode char U+0148 (decimal 328)
   defining Unicode char U+014A (decimal 330)
   defining Unicode char U+014B (decimal 331)
   defining Unicode char U+0150 (decimal 336)
   defining Unicode char U+0151 (decimal 337)
   defining Unicode char U+0152 (decimal 338)
   defining Unicode char U+0153 (decimal 339)
   defining Unicode char U+0154 (decimal 340)
   defining Unicode char U+0155 (decimal 341)
   defining Unicode char U+0158 (decimal 344)
   defining Unicode char U+0159 (decimal 345)
   defining Unicode char U+015A (decimal 346)
   defining Unicode char U+015B (decimal 347)
   defining Unicode char U+015E (decimal 350)
   defining Unicode char U+015F (decimal 351)
   defining Unicode char U+0160 (decimal 352)
   defining Unicode char U+0161 (decimal 353)
   defining Unicode char U+0162 (decimal 354)
   defining Unicode char U+0163 (decimal 355)
   defining Unicode char U+0164 (decimal 356)
   defining Unicode char U+0165 (decimal 357)
   defining Unicode char U+016E (decimal 366)
   defining Unicode char U+016F (decimal 367)
   defining Unicode char U+0170 (decimal 368)
   defining Unicode char U+0171 (decimal 369)
   defining Unicode char U+0178 (decimal 376)
   defining Unicode char U+0179 (decimal 377)
   defining Unicode char U+017A (decimal 378)
   defining Unicode char U+017B (decimal 379)
   defining Unicode char U+017C (decimal 380)
   defining Unicode char U+017D (decimal 381)
   defining Unicode char U+017E (decimal 382)
   defining Unicode char U+200C (decimal 8204)
   defining Unicode char U+2013 (decimal 8211)
   defining Unicode char U+2014 (decimal 8212)
   defining Unicode char U+2018 (decimal 8216)
   defining Unicode char U+2019 (decimal 8217)
   defining Unicode char U+201A (decimal 8218)
   defining Unicode char U+201C (decimal 8220)
   defining Unicode char U+201D (decimal 8221)
   defining Unicode char U+201E (decimal 8222)
   defining Unicode char U+2030 (decimal 8240)
   defining Unicode char U+2031 (decimal 8241)
   defining Unicode char U+2039 (decimal 8249)
   defining Unicode char U+203A (decimal 8250)
   defining Unicode char U+2423 (decimal 9251)
)
Now handling font encoding OT1 ...
... processing UTF-8 mapping file for font encoding OT1

(/usr/local/texlive/2010/texmf-dist/tex/latex/base/ot1enc.dfu
File: ot1enc.dfu 2008/04/05 v1.1m UTF-8 support for inputenc
   defining Unicode char U+00A1 (decimal 161)
   defining Unicode char U+00A3 (decimal 163)
   defining Unicode char U+00B8 (decimal 184)
   defining Unicode char U+00BF (decimal 191)
   defining Unicode char U+00C5 (decimal 197)
   defining Unicode char U+00C6 (decimal 198)
   defining Unicode char U+00D8 (decimal 216)
   defining Unicode char U+00DF (decimal 223)
   defining Unicode char U+00E6 (decimal 230)
   defining Unicode char U+00EC (decimal 236)
   defining Unicode char U+00ED (decimal 237)
   defining Unicode char U+00EE (decimal 238)
   defining Unicode char U+00EF (decimal 239)
   defining Unicode char U+00F8 (decimal 248)
   defining Unicode char U+0131 (decimal 305)
   defining Unicode char U+0141 (decimal 321)
   defining Unicode char U+0142 (decimal 322)
   defining Unicode char U+0152 (decimal 338)
   defining Unicode char U+0153 (decimal 339)
   defining Unicode char U+2013 (decimal 8211)
   defining Unicode char U+2014 (decimal 8212)
   defining Unicode char U+2018 (decimal 8216)
   defining Unicode char U+2019 (decimal 8217)
   defining Unicode char U+201C (decimal 8220)
   defining Unicode char U+201D (decimal 8221)
)
Now handling font encoding OMS ...
... processing UTF-8 mapping file for font encoding OMS

(/usr/local/texlive/2010/texmf-dist/tex/latex/base/omsenc.dfu
File: omsenc.dfu 2008/04/05 v1.1m UTF-8 support for inputenc
   defining Unicode char U+00A7 (decimal 167)
   defining Unicode char U+00B6 (decimal 182)
   defining Unicode char U+00B7 (decimal 183)
   defining Unicode char U+2020 (decimal 8224)
   defining Unicode char U+2021 (decimal 8225)
   defining Unicode char U+2022 (decimal 8226)
)
Now handling font encoding OMX ...
... no UTF-8 mapping file for font encoding OMX
Now handling font encoding U ...
... no UTF-8 mapping file for font encoding U
   defining Unicode char U+00A9 (decimal 169)
   defining Unicode char U+00AA (decimal 170)
   defining Unicode char U+00AE (decimal 174)
   defining Unicode char U+00BA (decimal 186)
   defining Unicode char U+02C6 (decimal 710)
   defining Unicode char U+02DC (decimal 732)
   defining Unicode char U+200C (decimal 8204)
   defining Unicode char U+2026 (decimal 8230)
   defining Unicode char U+2122 (decimal 8482)
   defining Unicode char U+2423 (decimal 9251)
))
(/usr/local/texlive/2010/texmf-dist/tex/generic/babel/babel.sty
Package: babel 2008/07/06 v3.8l The Babel package

(/usr/local/texlive/2010/texmf-dist/tex/generic/babel/english.ldf
Language: english 2005/03/30 v3.3o English support from the babel system

(/usr/local/texlive/2010/texmf-dist/tex/generic/babel/babel.def
File: babel.def 2008/07/06 v3.8l Babel common definitions
\babel@savecnt=\count87
\U@D=\dimen103
)
\l@canadian = a dialect from \language\l@american 
\l@australian = a dialect from \language\l@british 
\l@newzealand = a dialect from \language\l@british 
))
(/usr/local/texlive/2010/texmf-dist/tex/latex/isodate/isodate.sty
Package: isodate 2010/01/03 v2.30 Print dates with different formats (HH)

(/usr/local/texlive/2010/texmf-dist/tex/latex/base/ifthen.sty
Package: ifthen 2001/05/26 v1.1c Standard LaTeX ifthen package (DPC)
)
(/usr/local/texlive/2010/texmf-dist/tex/latex/substr/substr.sty
Package: substr 2009/10/20 v1.2 Handle substrings
\c@su@anzahl=\count88
)
(/usr/local/texlive/2010/texmf-dist/tex/latex/isodate/english.idf
File: english.idf 2010/01/03 v2.30 Language definitions for isodate package (HH
)

Define commands for English date format
)
\c@iso@tmpmonth=\count89
\c@iso@yeartwo=\count90
\c@iso@slash=\count91
\c@iso@minus=\count92
\c@iso@dot=\count93
\c@iso@@slash=\count94
\c@iso@@minus=\count95
\c@iso@@dot=\count96
) (/usr/local/texlive/2010/texmf-dist/tex/latex/ltxmisc/parskip.sty
Package: parskip 2001/04/09 non-zero parskip adjustments
)
(./graphicx.sty
Package: graphicx 1999/02/16 v1.0f Enhanced LaTeX Graphics (DPC,SPQR)

(/usr/local/texlive/2010/texmf-dist/tex/latex/graphics/keyval.sty
Package: keyval 1999/03/16 v1.13 key=value parser (DPC)
\KV@toks@=\toks16
)
(/usr/local/texlive/2010/texmf-dist/tex/latex/graphics/graphics.sty
Package: graphics 2009/02/05 v1.0o Standard LaTeX Graphics (DPC,SPQR)

(/usr/local/texlive/2010/texmf-dist/tex/latex/graphics/trig.sty
Package: trig 1999/03/16 v1.09 sin cos tan (DPC)
)
(/usr/local/texlive/2010/texmf-dist/tex/latex/latexconfig/graphics.cfg
File: graphics.cfg 2010/04/23 v1.9 graphics configuration of TeX Live
)
Package graphics Info: Driver file: pdftex.def on input line 91.

(/usr/local/texlive/2010/texmf-dist/tex/latex/pdftex-def/pdftex.def
File: pdftex.def 2010/02/14 v0.04n Graphics/color for pdfTeX
\Gread@gobject=\count97
))
\Gin@req@height=\dimen104
\Gin@req@width=\dimen105
)
(./natbib.sty
Package: natbib 2000/07/24 7.0a (PWD)
\bibhang=\skip43
\bibsep=\skip44
LaTeX Info: Redefining \cite on input line 508.
\c@NAT@ctr=\count98
)
(/usr/local/texlive/2010/texmf-dist/tex/latex/hyperref/hyperref.sty
Package: hyperref 2010/06/18 v6.81g Hypertext links for LaTeX

(/usr/local/texlive/2010/texmf-dist/tex/generic/oberdiek/ltxcmds.sty
Package: ltxcmds 2010/04/26 v1.7 LaTeX kernel commands for general use (HO)
)
(/usr/local/texlive/2010/texmf-dist/tex/generic/oberdiek/kvsetkeys.sty
Package: kvsetkeys 2010/03/01 v1.9 Key value parser (HO)

(/usr/local/texlive/2010/texmf-dist/tex/generic/oberdiek/infwarerr.sty
Package: infwarerr 2010/04/08 v1.3 Providing info/warning/message (HO)
)
(/usr/local/texlive/2010/texmf-dist/tex/generic/oberdiek/etexcmds.sty
Package: etexcmds 2010/01/28 v1.3 Prefix for e-TeX command names (HO)
Package etexcmds Info: Could not find \expanded.
(etexcmds)             That can mean that you are not using pdfTeX 1.50 or
(etexcmds)             that some package has redefined \expanded.
(etexcmds)             In the latter case, load this package earlier.
))
(/usr/local/texlive/2010/texmf-dist/tex/generic/oberdiek/pdfescape.sty
Package: pdfescape 2010/03/01 v1.9 Provides hex, PDF name and string conversion
s (HO)

(/usr/local/texlive/2010/texmf-dist/tex/generic/oberdiek/pdftexcmds.sty
Package: pdftexcmds 2010/04/01 v0.9 Utility functions of pdfTeX for LuaTeX (HO)


(/usr/local/texlive/2010/texmf-dist/tex/generic/oberdiek/ifluatex.sty
Package: ifluatex 2010/03/01 v1.3 Provides the ifluatex switch (HO)
Package ifluatex Info: LuaTeX not detected.
)
Package pdftexcmds Info: LuaTeX not detected.
Package pdftexcmds Info: \pdf@primitive is available.
Package pdftexcmds Info: \pdf@ifprimitive is available.
))
(/usr/local/texlive/2010/texmf-dist/tex/generic/oberdiek/ifpdf.sty
Package: ifpdf 2010/01/28 v2.1 Provides the ifpdf switch (HO)
Package ifpdf Info: pdfTeX in pdf mode detected.
)
(/usr/local/texlive/2010/texmf-dist/tex/generic/oberdiek/ifvtex.sty
Package: ifvtex 2010/03/01 v1.5 Switches for detecting VTeX and its modes (HO)
Package ifvtex Info: VTeX not detected.
)
(/usr/local/texlive/2010/texmf-dist/tex/generic/ifxetex/ifxetex.sty
Package: ifxetex 2009/01/23 v0.5 Provides ifxetex conditional
)
(/usr/local/texlive/2010/texmf-dist/tex/latex/oberdiek/hycolor.sty
Package: hycolor 2009/12/12 v1.6 Color options of hyperref/bookmark (HO)

(/usr/local/texlive/2010/texmf-dist/tex/latex/oberdiek/xcolor-patch.sty
Package: xcolor-patch 2009/12/12 xcolor patch
))
(/usr/local/texlive/2010/texmf-dist/tex/latex/oberdiek/letltxmacro.sty
Package: letltxmacro 2008/06/24 v1.3 Let assignment for LaTeX macros (HO)
)
\@linkdim=\dimen106
\Hy@linkcounter=\count99
\Hy@pagecounter=\count100

(/usr/local/texlive/2010/texmf-dist/tex/latex/hyperref/pd1enc.def
File: pd1enc.def 2010/06/18 v6.81g Hyperref: PDFDocEncoding definition (HO)
Now handling font encoding PD1 ...
... no UTF-8 mapping file for font encoding PD1
)
(/usr/local/texlive/2010/texmf-dist/tex/generic/oberdiek/intcalc.sty
Package: intcalc 2007/09/27 v1.1 Expandable integer calculations (HO)
)
(/usr/local/texlive/2010/texmf-dist/tex/latex/latexconfig/hyperref.cfg
File: hyperref.cfg 2002/06/06 v1.2 hyperref configuration of TeXLive
)
(/usr/local/texlive/2010/texmf-dist/tex/latex/oberdiek/kvoptions.sty
Package: kvoptions 2010/02/22 v3.7 Keyval support for LaTeX options (HO)
)
Package hyperref Info: Hyper figures OFF on input line 3658.
Package hyperref Info: Link nesting OFF on input line 3663.
Package hyperref Info: Hyper index ON on input line 3666.
Package hyperref Info: Plain pages OFF on input line 3673.
Package hyperref Info: Backreferencing OFF on input line 3678.

Implicit mode ON; LaTeX internals redefined
Package hyperref Info: Bookmarks ON on input line 3874.
(./url.sty
Package: url 1999/03/02  ver 1.4  Verb mode for urls, email addresses, and file
 names
)
LaTeX Info: Redefining \url on input line 4159.
 (/usr/local/texlive/2010/texmf-dist/tex/generic/oberdiek/bitset.sty
Package: bitset 2007/09/28 v1.0 Data type bit set (HO)
(/usr/local/texlive/2010/texmf-dist/tex/generic/oberdiek/bigintcalc.sty
Package: bigintcalc 2007/11/11 v1.1 Expandable big integer calculations (HO)
))
\Fld@menulength=\count101
\Field@Width=\dimen107
\Fld@charsize=\dimen108
\Field@toks=\toks17
Package hyperref Info: Hyper figures OFF on input line 5137.
Package hyperref Info: Link nesting OFF on input line 5142.
Package hyperref Info: Hyper index ON on input line 5145.
Package hyperref Info: backreferencing OFF on input line 5152.
Package hyperref Info: Link coloring OFF on input line 5157.
Package hyperref Info: Link coloring with OCG OFF on input line 5162.
Package hyperref Info: PDF/A mode OFF on input line 5167.
LaTeX Info: Redefining \ref on input line 5207.
LaTeX Info: Redefining \pageref on input line 5211.

(/usr/local/texlive/2010/texmf-dist/tex/generic/oberdiek/atbegshi.sty
Package: atbegshi 2010/03/25 v1.12 At begin shipout hook (HO)
)
\Hy@abspage=\count102
\c@Item=\count103
\c@Hfootnote=\count104
)
* hyperref using default driver hpdftex *
(/usr/local/texlive/2010/texmf-dist/tex/latex/hyperref/hpdftex.def
File: hpdftex.def 2010/06/18 v6.81g Hyperref driver for pdfTeX

(/usr/local/texlive/2010/texmf-dist/tex/latex/oberdiek/atveryend.sty
Package: atveryend 2010/03/24 v1.5 Hooks at very end of document (HO)
Package atveryend Info: \enddocument detected (standard).
)
\Fld@listcount=\count105
\c@bookmark@seq@number=\count106

(/usr/local/texlive/2010/texmf-dist/tex/latex/oberdiek/rerunfilecheck.sty
Package: rerunfilecheck 2010/03/16 v1.6 Rerun checks for auxiliary files (HO)

(/usr/local/texlive/2010/texmf-dist/tex/generic/oberdiek/uniquecounter.sty
Package: uniquecounter 2009/12/18 v1.1 Provides unlimited unique counter (HO)
)
Package uniquecounter Info: New unique counter `rerunfilecheck' on input line 2
71.
)
\Hy@SectionHShift=\skip45
)
(/usr/local/texlive/2010/texmf-dist/tex/latex/amsmath/amsmath.sty
Package: amsmath 2000/07/18 v2.13 AMS math features
\@mathmargin=\skip46

For additional information on amsmath, use the `?' option.
(/usr/local/texlive/2010/texmf-dist/tex/latex/amsmath/amstext.sty
Package: amstext 2000/06/29 v2.01

(/usr/local/texlive/2010/texmf-dist/tex/latex/amsmath/amsgen.sty
File: amsgen.sty 1999/11/30 v2.0
\@emptytoks=\toks18
\ex@=\dimen109
))
(/usr/local/texlive/2010/texmf-dist/tex/latex/amsmath/amsbsy.sty
Package: amsbsy 1999/11/29 v1.2d
\pmbraise@=\dimen110
)
(/usr/local/texlive/2010/texmf-dist/tex/latex/amsmath/amsopn.sty
Package: amsopn 1999/12/14 v2.01 operator names
)
\inf@bad=\count107
LaTeX Info: Redefining \frac on input line 211.
\uproot@=\count108
\leftroot@=\count109
LaTeX Info: Redefining \overline on input line 307.
\classnum@=\count110
\DOTSCASE@=\count111
LaTeX Info: Redefining \ldots on input line 379.
LaTeX Info: Redefining \dots on input line 382.
LaTeX Info: Redefining \cdots on input line 467.
\Mathstrutbox@=\box26
\strutbox@=\box27
\big@size=\dimen111
LaTeX Font Info:    Redeclaring font encoding OML on input line 567.
LaTeX Font Info:    Redeclaring font encoding OMS on input line 568.
\macc@depth=\count112
\c@MaxMatrixCols=\count113
\dotsspace@=\muskip10
\c@parentequation=\count114
\dspbrk@lvl=\count115
\tag@help=\toks19
\row@=\count116
\column@=\count117
\maxfields@=\count118
\andhelp@=\toks20
\eqnshift@=\dimen112
\alignsep@=\dimen113
\tagshift@=\dimen114
\tagwidth@=\dimen115
\totwidth@=\dimen116
\lineht@=\dimen117
\@envbody=\toks21
\multlinegap=\skip47
\multlinetaggap=\skip48
\mathdisplay@stack=\toks22
LaTeX Info: Redefining \[ on input line 2666.
LaTeX Info: Redefining \] on input line 2667.
)
(/usr/local/texlive/2010/texmf-dist/tex/latex/amsfonts/amssymb.sty
Package: amssymb 2009/06/22 v3.00

(/usr/local/texlive/2010/texmf-dist/tex/latex/amsfonts/amsfonts.sty
Package: amsfonts 2009/06/22 v3.00 Basic AMSFonts support
\symAMSa=\mathgroup4
\symAMSb=\mathgroup5
LaTeX Font Info:    Overwriting math alphabet `\mathfrak' in version `bold'
(Font)                  U/euf/m/n --> U/euf/b/n on input line 96.
))
(/usr/local/texlive/2010/texmf-dist/tex/latex/multirow/multirow.sty
\bigstrutjot=\dimen118
)
(./float.sty
Package: float 2001/11/08 v1.3d Float enhancements (AL)
\c@float@type=\count119
\float@exts=\toks23
\float@box=\box28
\@float@everytoks=\toks24
\@floatcapt=\box29
)
(/usr/local/texlive/2010/texmf-dist/tex/latex/rotating/rotating.sty
Package: rotating 2009/03/28 v2.16a rotated objects in LaTeX
\c@r@tfl@t=\count120
\rotFPtop=\skip49
\rotFPbot=\skip50
\rot@float@box=\box30
\rot@mess@toks=\toks25
)
(./array.sty
Package: array 1998/05/13 v2.3m Tabular extension package (FMi)
\col@sep=\dimen119
\extrarowheight=\dimen120
\NC@list=\toks26
\extratabsurround=\skip51
\backup@length=\skip52
)
No file PhenStatUsersGuide.aux.
\openout1 = `PhenStatUsersGuide.aux'.

LaTeX Font Info:    Checking defaults for OML/cmm/m/it on input line 22.
LaTeX Font Info:    ... okay on input line 22.
LaTeX Font Info:    Checking defaults for T1/cmr/m/n on input line 22.
LaTeX Font Info:    ... okay on input line 22.
LaTeX Font Info:    Checking defaults for OT1/cmr/m/n on input line 22.
LaTeX Font Info:    ... okay on input line 22.
LaTeX Font Info:    Checking defaults for OMS/cmsy/m/n on input line 22.
LaTeX Font Info:    ... okay on input line 22.
LaTeX Font Info:    Checking defaults for OMX/cmex/m/n on input line 22.
LaTeX Font Info:    ... okay on input line 22.
LaTeX Font Info:    Checking defaults for U/cmr/m/n on input line 22.
LaTeX Font Info:    ... okay on input line 22.
LaTeX Font Info:    Checking defaults for PD1/pdf/m/n on input line 22.
LaTeX Font Info:    ... okay on input line 22.
isodate: babel.sty has been loaded
(/usr/local/texlive/2010/texmf-dist/tex/context/base/supp-pdf.mkii
[Loading MPS to PDF converter (version 2006.09.02).]
\scratchcounter=\count121
\scratchdimen=\dimen121
\scratchbox=\box31
\nofMPsegments=\count122
\nofMParguments=\count123
\everyMPshowfont=\toks27
\MPscratchCnt=\count124
\MPscratchDim=\dimen122
\MPnumerator=\count125
\everyMPtoPDFconversion=\toks28
) (/usr/local/texlive/2010/texmf-dist/tex/latex/oberdiek/epstopdf-base.sty
Package: epstopdf-base 2010/02/09 v2.5 Base part for package epstopdf

(/usr/local/texlive/2010/texmf-dist/tex/latex/oberdiek/grfext.sty
Package: grfext 2007/09/30 v1.0 Managing graphics extensions (HO)
)
Package grfext Info: Graphics extension search list:
(grfext)             [.png,.pdf,.jpg,.mps,.jpeg,.jbig2,.jb2,.PNG,.PDF,.JPG,.JPE
G,.JBIG2,.JB2,.eps]
(grfext)             \AppendGraphicsExtensions on input line 436.

(/usr/local/texlive/2010/texmf-dist/tex/latex/latexconfig/epstopdf-sys.cfg
File: epstopdf-sys.cfg 2010/07/13 v1.3 Configuration of (r)epstopdf for TeX Liv
e
))
\AtBeginShipoutBox=\box32
Package hyperref Info: Link coloring OFF on input line 22.

(/usr/local/texlive/2010/texmf-dist/tex/latex/hyperref/nameref.sty
Package: nameref 2010/04/30 v2.40 Cross-referencing by name of section

(/usr/local/texlive/2010/texmf-dist/tex/latex/oberdiek/refcount.sty
Package: refcount 2008/08/11 v3.1 Data extraction from references (HO)
)
(/usr/local/texlive/2010/texmf-dist/tex/generic/oberdiek/gettitlestring.sty
Package: gettitlestring 2009/12/18 v1.3 Cleanup title references (HO)
)
\c@section@level=\count126
)
LaTeX Info: Redefining \ref on input line 22.
LaTeX Info: Redefining \pageref on input line 22.
LaTeX Info: Redefining \nameref on input line 22.
\@outlinefile=\write3
\openout3 = `PhenStatUsersGuide.out'.

LaTeX Font Info:    Try loading font information for U+msa on input line 24.

(/usr/local/texlive/2010/texmf-dist/tex/latex/amsfonts/umsa.fd
File: umsa.fd 2009/06/22 v3.00 AMS symbols A
)
LaTeX Font Info:    Try loading font information for U+msb on input line 24.

(/usr/local/texlive/2010/texmf-dist/tex/latex/amsfonts/umsb.fd
File: umsb.fd 2009/06/22 v3.00 AMS symbols B
) [1

{/usr/local/texlive/2010/texmf-var/fonts/map/pdftex/updmap/pdftex.map}]
\tf@toc=\write4
\openout4 = `PhenStatUsersGuide.toc'.

 [2]
Underfull \hbox (badness 10000) in paragraph at lines 38--40

 []

<PhenStat.png, id=19, 851.18pt x 694.595pt>
File: PhenStat.png Graphic file (type png)
 <use PhenStat.png>

LaTeX Warning: Reference `fig:01' on page 3 undefined on input line 46.


LaTeX Warning: Reference `fig:01' on page 3 undefined on input line 50.

[3] [4pdfTeX warning (ext4): destination with the same identifier (name{figure.
1}) has been already used, duplicate ignored

\AtBegShi@Output ...ipout \box \AtBeginShipoutBox 
                                                  \fi \fi 
l.51 \item R
            esults Output: depending on user needs there are two functions f...
 <./PhenStat.png>]

LaTeX Warning: Reference `fig:01' on page 5 undefined on input line 52.


Overfull \hbox (6.22388pt too wide) in paragraph at lines 57--57
[]\OT1/cmr/bx/n/17.28 Data Pro-cess-ing with Phen-List Func-tion 
 []


LaTeX Warning: Reference `table:01' on page 5 undefined on input line 69.


LaTeX Warning: Reference `table:02' on page 5 undefined on input line 69.


Overfull \hbox (1.19853pt too wide) in paragraph at lines 78--78
[]|\OT1/cmr/m/n/12 Colony. 
 []


Overfull \hbox (3.05632pt too wide) in paragraph at lines 78--78
[]|\OT1/cmr/m/n/12 Age.In. 
 []


Overfull \hbox (5.76376pt too wide) in paragraph at lines 78--78
\OT1/cmr/m/n/12 Mineral. 
 []


Overfull \hbox (2.0777pt too wide) in paragraph at lines 78--78
\OT1/cmr/m/n/12 Density| 
 []


Overfull \hbox (33.44992pt too wide) in paragraph at lines 76--111
[][]
 []


Overfull \hbox (1.19853pt too wide) in paragraph at lines 117--117
[]|\OT1/cmr/m/n/12 Colony. 
 []


Overfull \hbox (3.05632pt too wide) in paragraph at lines 117--117
[]|\OT1/cmr/m/n/12 Age.In. 
 []


Overfull \hbox (2.81122pt too wide) in paragraph at lines 117--117
\OT1/cmr/m/n/12 Processes| 
 []


Overfull \hbox (2.81122pt too wide) in paragraph at lines 117--117
\OT1/cmr/m/n/12 Processes| 
 []


Overfull \hbox (4.32039pt too wide) in paragraph at lines 118--118
[]|\OT1/cmr/m/n/12 Smarcal1| 
 []


Overfull \hbox (2.86868pt too wide) in paragraph at lines 118--118
[]|\OT1/cmr/m/n/12 Abnormal| 
 []


Overfull \hbox (2.86868pt too wide) in paragraph at lines 120--120
[]|\OT1/cmr/m/n/12 Abnormal| 
 []


Overfull \hbox (2.86868pt too wide) in paragraph at lines 122--122
[]|\OT1/cmr/m/n/12 Abnormal| 
 []


Overfull \hbox (2.86868pt too wide) in paragraph at lines 123--123
[]|\OT1/cmr/m/n/12 Abnormal| 
 []


Overfull \hbox (2.86868pt too wide) in paragraph at lines 124--124
[]|\OT1/cmr/m/n/12 Abnormal| 
 []


Overfull \hbox (2.86868pt too wide) in paragraph at lines 125--125
[]|\OT1/cmr/m/n/12 Abnormal| 
 []


Overfull \hbox (2.86868pt too wide) in paragraph at lines 125--125
[]|\OT1/cmr/m/n/12 Abnormal| 
 []


Overfull \hbox (3.82874pt too wide) in paragraph at lines 126--126
[]|\OT1/cmr/m/n/12 Fam175b| 
 []


Overfull \hbox (2.86868pt too wide) in paragraph at lines 126--126
[]|\OT1/cmr/m/n/12 Abnormal| 
 []


Overfull \hbox (3.82874pt too wide) in paragraph at lines 127--127
[]|\OT1/cmr/m/n/12 Fam175b| 
 []


Overfull \hbox (2.86868pt too wide) in paragraph at lines 127--127
[]|\OT1/cmr/m/n/12 Abnormal| 
 []


Overfull \hbox (2.86868pt too wide) in paragraph at lines 128--128
[]|\OT1/cmr/m/n/12 Abnormal| 
 []


Overfull \hbox (2.86868pt too wide) in paragraph at lines 130--130
[]|\OT1/cmr/m/n/12 Abnormal| 
 []


Overfull \hbox (3.30547pt too wide) in paragraph at lines 131--131
[]|\OT1/cmr/m/n/12 MDWN| 
 []


Overfull \hbox (2.86868pt too wide) in paragraph at lines 131--131
[]|\OT1/cmr/m/n/12 Abnormal| 
 []


Overfull \hbox (2.86868pt too wide) in paragraph at lines 132--132
[]|\OT1/cmr/m/n/12 Abnormal| 
 []


Overfull \hbox (2.86868pt too wide) in paragraph at lines 132--132
[]|\OT1/cmr/m/n/12 Abnormal| 
 []


Overfull \hbox (3.30547pt too wide) in paragraph at lines 133--133
[]|\OT1/cmr/m/n/12 MDWN| 
 []


Overfull \hbox (2.86868pt too wide) in paragraph at lines 133--133
[]|\OT1/cmr/m/n/12 Abnormal| 
 []


Overfull \hbox (2.86868pt too wide) in paragraph at lines 136--136
[]|\OT1/cmr/m/n/12 Abnormal| 
 []


Overfull \hbox (2.86868pt too wide) in paragraph at lines 136--136
[]|\OT1/cmr/m/n/12 Abnormal| 
 []


Overfull \hbox (2.86868pt too wide) in paragraph at lines 137--137
[]|\OT1/cmr/m/n/12 Abnormal| 
 []


Overfull \hbox (2.86868pt too wide) in paragraph at lines 138--138
[]|\OT1/cmr/m/n/12 Abnormal| 
 []


Overfull \hbox (2.86868pt too wide) in paragraph at lines 138--138
[]|\OT1/cmr/m/n/12 Abnormal| 
 []


Overfull \hbox (2.86868pt too wide) in paragraph at lines 139--139
[]|\OT1/cmr/m/n/12 Abnormal| 
 []


Overfull \hbox (2.86868pt too wide) in paragraph at lines 139--139
[]|\OT1/cmr/m/n/12 Abnormal| 
 []


Overfull \hbox (2.86868pt too wide) in paragraph at lines 140--140
[]|\OT1/cmr/m/n/12 Abnormal| 
 []


Overfull \hbox (2.86868pt too wide) in paragraph at lines 140--140
[]|\OT1/cmr/m/n/12 Abnormal| 
 []


Overfull \hbox (2.86868pt too wide) in paragraph at lines 141--141
[]|\OT1/cmr/m/n/12 Abnormal| 
 []


Overfull \hbox (2.86868pt too wide) in paragraph at lines 141--141
[]|\OT1/cmr/m/n/12 Abnormal| 
 []


Overfull \hbox (2.86868pt too wide) in paragraph at lines 142--142
[]|\OT1/cmr/m/n/12 Abnormal| 
 []


Overfull \hbox (2.86868pt too wide) in paragraph at lines 142--142
[]|\OT1/cmr/m/n/12 Abnormal| 
 []


Overfull \hbox (2.86868pt too wide) in paragraph at lines 143--143
[]|\OT1/cmr/m/n/12 Abnormal| 
 []


Overfull \hbox (2.86868pt too wide) in paragraph at lines 143--143
[]|\OT1/cmr/m/n/12 Abnormal| 
 []


Overfull \hbox (2.86868pt too wide) in paragraph at lines 144--144
[]|\OT1/cmr/m/n/12 Abnormal| 
 []


Overfull \hbox (2.86868pt too wide) in paragraph at lines 144--144
[]|\OT1/cmr/m/n/12 Abnormal| 
 []


Overfull \hbox (2.86868pt too wide) in paragraph at lines 145--145
[]|\OT1/cmr/m/n/12 Abnormal| 
 []


Overfull \hbox (2.86868pt too wide) in paragraph at lines 145--145
[]|\OT1/cmr/m/n/12 Abnormal| 
 []


Overfull \hbox (2.86868pt too wide) in paragraph at lines 146--146
[]|\OT1/cmr/m/n/12 Abnormal| 
 []


Overfull \hbox (2.86868pt too wide) in paragraph at lines 146--146
[]|\OT1/cmr/m/n/12 Abnormal| 
 []


Overfull \hbox (2.86868pt too wide) in paragraph at lines 147--147
[]|\OT1/cmr/m/n/12 Abnormal| 
 []


Overfull \hbox (2.86868pt too wide) in paragraph at lines 147--147
[]|\OT1/cmr/m/n/12 Abnormal| 
 []


Overfull \hbox (2.86868pt too wide) in paragraph at lines 148--148
[]|\OT1/cmr/m/n/12 Abnormal| 
 []


Overfull \hbox (2.86868pt too wide) in paragraph at lines 148--148
[]|\OT1/cmr/m/n/12 Abnormal| 
 []


Overfull \hbox (73.53603pt too wide) in paragraph at lines 115--152
[][]
 []

LaTeX Font Info:    Try loading font information for OMS+cmr on input line 158.

(/usr/local/texlive/2010/texmf-dist/tex/latex/base/omscmr.fd
File: omscmr.fd 1999/05/25 v2.5h Standard LaTeX font definitions
)
LaTeX Font Info:    Font shape `OMS/cmr/m/n' in size <12> not available
(Font)              Font shape `OMS/cmsy/m/n' tried instead on input line 158.


LaTeX Warning: Reference `TerminilogyUnification' on page 5 undefined on input 
line 158.

[5] [6pdfTeX warning (ext4): destination with the same identifier (name{table.1
}) has been already used, duplicate ignored

\AtBegShi@Output ...ipout \box \AtBeginShipoutBox 
                                                  \fi \fi 
l.161 \end{itemize}
                   ] [7pdfTeX warning (ext4): destination with the same identif
ier (name{table.2}) has been already used, duplicate ignored

\AtBegShi@Output ...ipout \box \AtBeginShipoutBox 
                                                  \fi \fi 
l.161 \end{itemize}
                   ]
Overfull \hbox (60.50647pt too wide) in paragraph at lines 193--193
[]\OT1/cmtt/m/n/8 Dataset's column 'Assay.Date' has been renamed to 'Batch' and
 will be used for the batch effect modelling.[] 
 []

[8]
Overfull \hbox (7.87012pt too wide) in paragraph at lines 206--207
[]\OT1/cmr/m/it/12 dataset.colname.sex \OT1/cmr/m/n/12 al-lows the user to de-f
ine col-umn name within dataset
 []


Overfull \hbox (60.50647pt too wide) in paragraph at lines 233--233
[]\OT1/cmtt/m/n/8 Dataset's column 'Assay.Date' has been renamed to 'Batch' and
 will be used for the batch effect modelling.[] 
 []

[9]

LaTeX Warning: Reference `table:03' on page 10 undefined on input line 242.


LaTeX Warning: Reference `table:03' on page 10 undefined on input line 256.


Overfull \hbox (60.50647pt too wide) in paragraph at lines 279--279
[]\OT1/cmtt/m/n/8 Dataset's column 'Assay.Date' has been renamed to 'Batch' and
 will be used for the batch effect modelling.[] 
 []


LaTeX Warning: Reference `section:DatasetChecks' on page 10 undefined on input 
line 283.

[10pdfTeX warning (ext4): destination with the same identifier (name{table.3}) 
has been already used, duplicate ignored

\AtBegShi@Output ...ipout \box \AtBeginShipoutBox 
                                                  \fi \fi 
l.284 
      ]
Overfull \hbox (60.50647pt too wide) in paragraph at lines 330--330
[]\OT1/cmtt/m/n/8 Dataset's column 'Assay.Date' has been renamed to 'Batch' and
 will be used for the batch effect modelling.[] 
 []


Overfull \hbox (81.75677pt too wide) in paragraph at lines 330--330
[]\OT1/cmtt/m/n/8 Alternatively you can define 'hemiGenotype' and 'testGenotype
' arguments to relabel hemizygotes to homozygotes.[] 
 []

[11]

LaTeX Warning: Reference `section:Filtering' on page 12 undefined on input line
 381.

[12pdfTeX warning (ext4): destination with the same identifier (name{table.4}) 
has been already used, duplicate ignored

\AtBegShi@Output ...ipout \box \AtBeginShipoutBox 
                                                  \fi \fi 
l.382 
      ]
Overfull \hbox (9.50574pt too wide) in paragraph at lines 420--420
[]\OT1/cmtt/m/n/8 Dataset's 'Sex' column has to have one or two values and curr
ently the data has more than two.[] 
 []


LaTeX Warning: Reference `section:Filtering' on page 13 undefined on input line
 423.

[13]

LaTeX Warning: Reference `table:05' on page 14 undefined on input line 428.


LaTeX Warning: Reference `table:05' on page 14 undefined on input line 443.


Overfull \hbox (78.27979pt too wide) in paragraph at lines 448--477
 [] 
 []


LaTeX Warning: `!h' float specifier changed to `!ht'.


Overfull \hbox (20.50021pt too wide) in paragraph at lines 480--481
\OT1/cmr/m/n/12 geno-type, test geno-type, hem-izy-gotes geno-type, orig-i-nal 
col-umn names, etc. 
 []

[14]

LaTeX Warning: Reference `fig:01' on page 15 undefined on input line 511.

[15pdfTeX warning (ext4): destination with the same identifier (name{table.5}) 
has been already used, duplicate ignored

\AtBegShi@Output ...ipout \box \AtBeginShipoutBox 
                                                  \fi \fi 
l.513 \subsection
                 {Manager for Analysis Methods -- \textit{testDataset} funct...
] [16]
Overfull \hbox (12.7879pt too wide) in paragraph at lines 538--539
\OT1/cmr/m/n/12 of the frame-work one af-ter an-other when set to TRUE (de-faul
t be-haviour). 
 []


LaTeX Warning: Reference `sec:MMImplementation' on page 17 undefined on input l
ine 541.


Package natbib Warning: Citation `MM07' on page 17 undefined on input line 565.



Package natbib Warning: Citation `MM12' on page 17 undefined on input line 568.


[17]

LaTeX Warning: Reference `fig:001' on page 18 undefined on input line 570.


LaTeX Warning: Reference `fig:002' on page 18 undefined on input line 572.

<Motivation1.jpg, id=114, 453.19313pt x 146.04562pt>
File: Motivation1.jpg Graphic file (type jpg)
 <use Motivation1.jpg>
<Motivation2.png, id=115, 453.19313pt x 117.43875pt>
File: Motivation2.png Graphic file (type png)
 <use Motivation2.png>

Package natbib Warning: Citation `Pinkert' on page 18 undefined on input line 5
84.

[18pdfTeX warning (ext4): destination with the same identifier (name{figure.2})
 has been already used, duplicate ignored

\AtBegShi@Output ...ipout \box \AtBeginShipoutBox 
                                                  \fi \fi 
l.586 
       <./Motivation1.jpg>]

Package natbib Warning: Citation `MM12' on page 19 undefined on input line 587.


[19pdfTeX warning (ext4): destination with the same identifier (name{figure.3})
 has been already used, duplicate ignored

\AtBegShi@Output ...ipout \box \AtBeginShipoutBox 
                                                  \fi \fi 
l.588 
       <./Motivation2.png>]

LaTeX Warning: Reference `Eq1' on page 20 undefined on input line 590.


LaTeX Warning: Reference `Eq2' on page 20 undefined on input line 590.


LaTeX Warning: Reference `Eq1' on page 20 undefined on input line 601.


LaTeX Warning: Reference `Eq2' on page 20 undefined on input line 601.


LaTeX Warning: Reference `fig:02' on page 20 undefined on input line 601.


LaTeX Warning: Reference `fig:03' on page 20 undefined on input line 604.


LaTeX Warning: Reference `fig:02' on page 20 undefined on input line 614.


LaTeX Warning: Reference `fig:02' on page 20 undefined on input line 615.


LaTeX Warning: Reference `fig:03' on page 20 undefined on input line 615.

[20] <MM_framework.png, id=138, 855.195pt x 727.71875pt>
File: MM_framework.png Graphic file (type png)

<use MM_framework.png> <Model_Formula.png, id=139, 974.64125pt x 743.77875pt>
File: Model_Formula.png Graphic file (type png)

<use Model_Formula.png> <Mixed_Models.png, id=140, 773.89125pt x 644.4075pt>
File: Mixed_Models.png Graphic file (type png)

<use Mixed_Models.png>

LaTeX Warning: Reference `fig:02' on page 21 undefined on input line 632.


LaTeX Warning: Reference `fig:03' on page 21 undefined on input line 632.

[21pdfTeX warning (ext4): destination with the same identifier (name{figure.4})
 has been already used, duplicate ignored

\AtBegShi@Output ...ipout \box \AtBeginShipoutBox 
                                                  \fi \fi 
l.634 \subsubsection
                    {Implementation} <./MM_framework.png>] [22pdfTeX warning (e
xt4): destination with the same identifier (name{figure.5}) has been already us
ed, duplicate ignored

\AtBegShi@Output ...ipout \box \AtBeginShipoutBox 
                                                  \fi \fi 
l.634 \subsubsection
                    {Implementation} <./Model_Formula.png>] [23pdfTeX warning (
ext4): destination with the same identifier (name{figure.6}) has been already u
sed, duplicate ignored

\AtBegShi@Output ...ipout \box \AtBeginShipoutBox 
                                                  \fi \fi 
l.634 \subsubsection
                    {Implementation} <./Mixed_Models.png>]

LaTeX Warning: Reference `Eq1' on page 24 undefined on input line 645.


LaTeX Warning: Reference `Eq2' on page 24 undefined on input line 645.

[24] [25]
Overfull \hbox (5.25568pt too wide) in paragraph at lines 762--762
[]\OT1/cmtt/m/n/8 > result <- testDataset(test,depVariable="Bone.Area", equatio
n="withoutWeight",callAll=FALSE)[] 
 []

[26]

Package natbib Warning: Citation `RotatedResiduals04' on page 27 undefined on i
nput line 770.

[27]

LaTeX Warning: Reference `fig:05' on page 28 undefined on input line 806.

<classificationTagMM2.png, id=181, 747.79375pt x 560.0925pt>
File: classificationTagMM2.png Graphic file (type png)

<use classificationTagMM2.png>

LaTeX Warning: Reference `fig:05_2' on page 28 undefined on input line 813.

[28] [29pdfTeX warning (ext4): destination with the same identifier (name{figur
e.7}) has been already used, duplicate ignored

\AtBegShi@Output ...ipout \box \AtBeginShipoutBox 
                                                  \fi \fi 
l.814 
       <./classificationTagMM2.png (PNG copy)>]
<classificationTagMM_MP.png, id=194, 748.7975pt x 553.06625pt>
File: classificationTagMM_MP.png Graphic file (type png)

<use classificationTagMM_MP.png>

LaTeX Warning: Reference `fig:05_x' on page 30 undefined on input line 823.

[30pdfTeX warning (ext4): destination with the same identifier (name{figure.8})
 has been already used, duplicate ignored

\AtBegShi@Output ...ipout \box \AtBeginShipoutBox 
                                                  \fi \fi 
l.824 
       <./classificationTagMM_MP.png (PNG copy)>]
<Jitter_figureX.png, id=201, 365.86688pt x 334.24875pt>
File: Jitter_figureX.png Graphic file (type png)

<use Jitter_figureX.png> [31pdfTeX warning (ext4): destination with the same id
entifier (name{figure.9}) has been already used, duplicate ignored

\AtBegShi@Output ...ipout \box \AtBeginShipoutBox 
                                                  \fi \fi 
l.853 
       <./Jitter_figureX.png (PNG copy)>]

LaTeX Warning: Reference `FE_EffectSize' on page 32 undefined on input line 893
.

[32]
Overfull \hbox (56.25641pt too wide) in paragraph at lines 1025--1025
[]\OT1/cmtt/m/n/8 Dataset's column 'Assay.Date' has been renamed to 'Batch' and
 will be used for the batch effect modeling.[] 
 []


Overfull \hbox (18.00586pt too wide) in paragraph at lines 1025--1025
[]\OT1/cmtt/m/n/8 for the weight effect modeling. Otherwise you can only use mi
xed model equation 'withoutWeight'.[] 
 []

[33] [34]

LaTeX Warning: Reference `section:Results' on page 35 undefined on input line 1
028.

[35]

LaTeX Warning: Reference `table:06' on page 36 undefined on input line 1069.


LaTeX Warning: Command \textless invalid in math mode on input line 1076.

LaTeX Font Info:    Try loading font information for OML+cmr on input line 1076
.
(/usr/local/texlive/2010/texmf-dist/tex/latex/base/omlcmr.fd
File: omlcmr.fd 1999/05/25 v2.5h Standard LaTeX font definitions
)
LaTeX Font Info:    Font shape `OML/cmr/m/n' in size <12> not available
(Font)              Font shape `OML/cmm/m/it' tried instead on input line 1076.



LaTeX Warning: Command \textless invalid in math mode on input line 1076.


LaTeX Warning: Command \textless invalid in math mode on input line 1076.


LaTeX Warning: Command \textless invalid in math mode on input line 1076.


LaTeX Warning: Command \textless invalid in math mode on input line 1076.


LaTeX Warning: Command \textless invalid in math mode on input line 1076.


LaTeX Warning: Command \textless invalid in math mode on input line 1077.


LaTeX Warning: Command \textless invalid in math mode on input line 1077.


LaTeX Warning: Command \textless invalid in math mode on input line 1077.


LaTeX Warning: Command \textless invalid in math mode on input line 1077.


LaTeX Warning: Command \textless invalid in math mode on input line 1078.


LaTeX Warning: Command \textless invalid in math mode on input line 1078.


LaTeX Warning: Command \textless invalid in math mode on input line 1078.


LaTeX Warning: Command \textless invalid in math mode on input line 1078.


LaTeX Warning: Command \textless invalid in math mode on input line 1079.


LaTeX Warning: Command \textless invalid in math mode on input line 1079.


LaTeX Warning: Command \textless invalid in math mode on input line 1080.


LaTeX Warning: Command \textless invalid in math mode on input line 1080.


LaTeX Warning: Command \textless invalid in math mode on input line 1080.


LaTeX Warning: Command \textless invalid in math mode on input line 1080.


Underfull \hbox (badness 2717) in paragraph at lines 1080--1081
[]|\OT1/cmr/m/n/12 Significant in fe-males and in com-bined
 []


LaTeX Warning: Command \textless invalid in math mode on input line 1081.


LaTeX Warning: Command \textless invalid in math mode on input line 1081.


LaTeX Warning: Command \textless invalid in math mode on input line 1082.


LaTeX Warning: Command \textless invalid in math mode on input line 1082.


LaTeX Warning: Command \textless invalid in math mode on input line 1084.


LaTeX Warning: Command \textless invalid in math mode on input line 1084.


LaTeX Warning: Command \textless invalid in math mode on input line 1084.


LaTeX Warning: Command \textless invalid in math mode on input line 1084.


LaTeX Warning: Command \textless invalid in math mode on input line 1085.


LaTeX Warning: Command \textless invalid in math mode on input line 1085.


LaTeX Warning: Command \textless invalid in math mode on input line 1085.


LaTeX Warning: Command \textless invalid in math mode on input line 1085.


Overfull \hbox (31.70958pt too wide) in paragraph at lines 1073--1089
 [] 
 []


LaTeX Warning: `!h' float specifier changed to `!ht'.

[36] [37pdfTeX warning (ext4): destination with the same identifier (name{table
.6}) has been already used, duplicate ignored

\AtBegShi@Output ...ipout \box \AtBeginShipoutBox 
                                                  \fi \fi 
l.1130 \end{verbatim}
                     ]

LaTeX Warning: Reference `Eq2' on page 38 undefined on input line 1135.

[38] [39]

LaTeX Warning: Reference `table:07' on page 40 undefined on input line 1236.


Underfull \hbox (badness 1701) in paragraph at lines 1242--1243
[]|\OT1/cmr/m/n/12 Possible val-ues: "FE", "MM, lin-ear mixed-effects
 []


Underfull \hbox (badness 10000) in paragraph at lines 1242--1243
\OT1/cmr/m/n/12 model/generalized least squares, equa-tion with
 []


Underfull \hbox (badness 1112) in paragraph at lines 1255--1256
[]|\OT1/cmr/m/n/12 Weight p-value that rep-re-sents the prob-a-bil-ity the
 []


Overfull \hbox (70.31326pt too wide) in paragraph at lines 1239--1263
[][] 
 []


Overfull \hbox (73.31601pt too wide) in paragraph at lines 1267--1285
[][]
 []

[40] [41] [42pdfTeX warning (ext4): destination with the same identifier (name{
table.7}) has been already used, duplicate ignored

\AtBegShi@Output ...ipout \box \AtBeginShipoutBox 
                                                  \fi \fi 
l.1359 \end{verbatim}
                     ] [43]

LaTeX Warning: Reference `section:FET' on page 44 undefined on input line 1369.


[44] [45]
Overfull \hbox (9.50574pt too wide) in paragraph at lines 1460--1460
[]\OT1/cmtt/m/n/8 > generateGraphs(phenTestResult=result,dir="./graphs",graphin
gName="Lean Mass",type="windows")[] 
 []


LaTeX Warning: Reference `fig:06' on page 46 undefined on input line 1473.

<categoricalBarPlot.png, id=274, 481.8pt x 481.8pt>
File: categoricalBarPlot.png Graphic file (type png)

<use categoricalBarPlot.png> [46pdfTeX warning (ext4): destination with the sam
e identifier (name{figure.10}) has been already used, duplicate ignored

\AtBegShi@Output ...ipout \box \AtBeginShipoutBox 
                                                  \fi \fi 
l.1482 \begin{itemize}
                       <./categoricalBarPlot.png (PNG copy)>]

LaTeX Warning: Reference `fig:07' on page 47 undefined on input line 1497.

<boxplotSexGenotype.png, id=283, 481.8pt x 481.8pt>
File: boxplotSexGenotype.png Graphic file (type png)

<use boxplotSexGenotype.png>

LaTeX Warning: Reference `fig:08' on page 47 undefined on input line 1503.

<boxplotSexGenotypeBatch.png, id=284, 481.8pt x 481.8pt>
File: boxplotSexGenotypeBatch.png Graphic file (type png)

<use boxplotSexGenotypeBatch.png>

LaTeX Warning: Reference `fig:09' on page 47 undefined on input line 1509.

<scatterplotGenotypeWeight.png, id=285, 481.8pt x 481.8pt>
File: scatterplotGenotypeWeight.png Graphic file (type png)

<use scatterplotGenotypeWeight.png>
Overfull \hbox (0.187pt too wide) in paragraph at lines 1520--1521
[]\OT1/cmr/m/it/12 plotResidualPredicted \OT1/cmr/m/n/12 cre-ates pre-dicted ve
r-sus resid-ual val-ues plots split
 []

[47] [48pdfTeX warning (ext4): destination with the same identifier (name{figur
e.11}) has been already used, duplicate ignored

\AtBegShi@Output ...ipout \box \AtBeginShipoutBox 
                                                  \fi \fi 
l.1521 \item \textit
                    {boxplotResidualBatch} creates a box plot with residue v...
pdfTeX warning (ext4): destination with the same identifier (name{figure.12}) h
as been already used, duplicate ignored

\AtBegShi@Output ...ipout \box \AtBeginShipoutBox 
                                                  \fi \fi 
l.1521 \item \textit
                    {boxplotResidualBatch} creates a box plot with residue v...
 <./boxplotSexGenotype.png (PNG copy)> <./boxplotSexGenotypeBatch.png (PNG copy
)>]

LaTeX Warning: Reference `fig:10' on page 49 undefined on input line 1535.

<qqplotGenotype.png, id=299, 481.8pt x 481.8pt>
File: qqplotGenotype.png Graphic file (type png)
 <use qqplotGenotype.png>

LaTeX Warning: Reference `fig:11' on page 49 undefined on input line 1542.

[49pdfTeX warning (ext4): destination with the same identifier (name{figure.13}
) has been already used, duplicate ignored

\AtBegShi@Output ...ipout \box \AtBeginShipoutBox 
                                                  \fi \fi 
l.1543 
        <./scatterplotGenotypeWeight.png (PNG copy)>]
<qqplotRandomEffects.png, id=307, 481.8pt x 481.8pt>
File: qqplotRandomEffects.png Graphic file (type png)

<use qqplotRandomEffects.png>

LaTeX Warning: Reference `fig:12' on page 50 undefined on input line 1549.


LaTeX Warning: Reference `Diagnostics' on page 50 undefined on input line 1550.


<qqplotRotatedResiduals.png, id=308, 481.8pt x 481.8pt>
File: qqplotRotatedResiduals.png Graphic file (type png)

<use qqplotRotatedResiduals.png>

LaTeX Warning: Reference `fig:13' on page 50 undefined on input line 1557.

[50pdfTeX warning (ext4): destination with the same identifier (name{figure.14}
) has been already used, duplicate ignored

\AtBegShi@Output ...ipout \box \AtBeginShipoutBox 
                                                  \fi \fi 
l.1564 \item N
              o one residual outstands from the basic random pattern of resi...
 <./qqplotGenotype.png (PNG copy)>] [51pdfTeX warning (ext4): destination with 
the same identifier (name{figure.15}) has been already used, duplicate ignored

\AtBegShi@Output ...ipout \box \AtBeginShipoutBox 
                                                  \fi \fi 
l.1564 \item N
              o one residual outstands from the basic random pattern of resi...
pdfTeX warning (ext4): destination with the same identifier (name{figure.16}) h
as been already used, duplicate ignored

\AtBegShi@Output ...ipout \box \AtBeginShipoutBox 
                                                  \fi \fi 
l.1564 \item N
              o one residual outstands from the basic random pattern of resi...
 <./qqplotRandomEffects.png (PNG copy)> <./qqplotRotatedResiduals.png (PNG copy
)>] <plotResidualPredicted.png, id=324, 481.8pt x 481.8pt>
File: plotResidualPredicted.png Graphic file (type png)

<use plotResidualPredicted.png>

LaTeX Warning: Reference `fig:14' on page 52 undefined on input line 1571.

<boxplotResidualBatch.png, id=325, 481.8pt x 481.8pt>
File: boxplotResidualBatch.png Graphic file (type png)

<use boxplotResidualBatch.png>

LaTeX Warning: Command \textless invalid in math mode on input line 1580.

LaTeX Font Info:    Font shape `OML/cmr/m/it' in size <12> not available
(Font)              Font shape `OML/cmm/m/it' tried instead on input line 1580.


LaTeX Warning: Command \textless invalid in math mode on input line 1580.


LaTeX Warning: Command \textgreater invalid in math mode on input line 1580.


LaTeX Warning: Command \textgreater invalid in math mode on input line 1580.

[52pdfTeX warning (ext4): destination with the same identifier (name{figure.17}
) has been already used, duplicate ignored

\AtBegShi@Output ...ipout \box \AtBeginShipoutBox 
                                                  \fi \fi 
l.1583 
        <./plotResidualPredicted.png (PNG copy)>] [53pdfTeX warning (ext4): des
tination with the same identifier (name{figure.18}) has been already used, dupl
icate ignored

\AtBegShi@Output ...ipout \box \AtBeginShipoutBox 
                                                  \fi \fi 
l.1614 \end{verbatim}
                     pdfTeX warning (ext4): destination with the same identifie
r (name{table.8}) has been already used, duplicate ignored

\AtBegShi@Output ...ipout \box \AtBeginShipoutBox 
                                                  \fi \fi 
l.1614 \end{verbatim}
                      <./boxplotResidualBatch.png (PNG copy)>] [54]

LaTeX Warning: Reference `AssesingModelFit' on page 55 undefined on input line 
1668.

<cs1_boxplotSexGenotype.png, id=348, 481.8pt x 481.8pt>
File: cs1_boxplotSexGenotype.png Graphic file (type png)

<use cs1_boxplotSexGenotype.png> [55]
<cs1_boxplotBatchGenotype.jpg, id=357, 654.19406pt x 276.28218pt>
File: cs1_boxplotBatchGenotype.jpg Graphic file (type jpg)

<use cs1_boxplotBatchGenotype.jpg> [56pdfTeX warning (ext4): destination with t
he same identifier (name{figure.19}) has been already used, duplicate ignored

\AtBegShi@Output ...ipout \box \AtBeginShipoutBox 
                                                  \fi \fi 
l.1714 
       pdfTeX warning (ext4): destination with the same identifier (name{figure
.20}) has been already used, duplicate ignored

\AtBegShi@Output ...ipout \box \AtBeginShipoutBox 
                                                  \fi \fi 
l.1714 
        <./cs1_boxplotSexGenotype.png (PNG copy)> <./cs1_boxplotBatchGenotype.j
pg>]

LaTeX Warning: Reference `Diagnostics' on page 57 undefined on input line 1715.


<cs1_qqplotGenotype.png, id=365, 481.8pt x 481.8pt>
File: cs1_qqplotGenotype.png Graphic file (type png)

<use cs1_qqplotGenotype.png> [57]
<cs1_boxplotResidualBatch.png, id=371, 481.8pt x 481.8pt>
File: cs1_boxplotResidualBatch.png Graphic file (type png)

<use cs1_boxplotResidualBatch.png> [58pdfTeX warning (ext4): destination with t
he same identifier (name{figure.21}) has been already used, duplicate ignored

\AtBegShi@Output ...ipout \box \AtBeginShipoutBox 
                                                  \fi \fi 
l.1761 
        <./cs1_qqplotGenotype.png (PNG copy)>]
<cs1_plotResidualPredicted.png, id=378, 481.8pt x 481.8pt>
File: cs1_plotResidualPredicted.png Graphic file (type png)

<use cs1_plotResidualPredicted.png> [59pdfTeX warning (ext4): destination with 
the same identifier (name{figure.22}) has been already used, duplicate ignored

\AtBegShi@Output ...ipout \box \AtBeginShipoutBox 
                                                  \fi \fi 
l.1781 
        <./cs1_boxplotResidualBatch.png (PNG copy)>]
<cs1_qqplotRandomEffects.png, id=385, 481.8pt x 481.8pt>
File: cs1_qqplotRandomEffects.png Graphic file (type png)

<use cs1_qqplotRandomEffects.png> [60pdfTeX warning (ext4): destination with th
e same identifier (name{figure.23}) has been already used, duplicate ignored

\AtBegShi@Output ...ipout \box \AtBeginShipoutBox 
                                                  \fi \fi 
l.1802 
        <./cs1_plotResidualPredicted.png (PNG copy)>]

Package natbib Warning: Citation `RotatedResiduals04' on page 61 undefined on i
nput line 1805.


LaTeX Warning: Reference `Diagnostics' on page 61 undefined on input line 1806.


<cs1_qqplotRotatedResiduals.png, id=392, 481.8pt x 481.8pt>
File: cs1_qqplotRotatedResiduals.png Graphic file (type png)

<use cs1_qqplotRotatedResiduals.png> [61pdfTeX warning (ext4): destination with
 the same identifier (name{figure.24}) has been already used, duplicate ignored


\AtBegShi@Output ...ipout \box \AtBeginShipoutBox 
                                                  \fi \fi 
l.1822 
        <./cs1_qqplotRandomEffects.png (PNG copy)>] [62pdfTeX warning (ext4): d
estination with the same identifier (name{figure.25}) has been already used, du
plicate ignored

\AtBegShi@Output ...ipout \box \AtBeginShipoutBox 
                                                  \fi \fi 
l.1840 
        <./cs1_qqplotRotatedResiduals.png (PNG copy)>]
<cs1_bodyweight.png, id=410, 602.25pt x 401.5pt>
File: cs1_bodyweight.png Graphic file (type png)
 <use cs1_bodyweight.png>

LaTeX Warning: Reference `cs1_output' on page 63 undefined on input line 1864.

[63pdfTeX warning (ext4): destination with the same identifier (name{figure.26}
) has been already used, duplicate ignored

\AtBegShi@Output ...ipout \box \AtBeginShipoutBox 
                                                  \fi \fi 
l.1868 
        <./cs1_bodyweight.png>] [64]
<cs1_scatterplotGenotypeWeight.png, id=422, 481.8pt x 481.8pt>
File: cs1_scatterplotGenotypeWeight.png Graphic file (type png)

<use cs1_scatterplotGenotypeWeight.png> [65pdfTeX warning (ext4): destination w
ith the same identifier (name{figure.27}) has been already used, duplicate igno
red

\AtBegShi@Output ...ipout \box \AtBeginShipoutBox 
                                                  \fi \fi 
l.1925 
        <./cs1_scatterplotGenotypeWeight.png (PNG copy)>]
<cs2_categoricalBarplot.jpg, id=431, 596.98032pt x 374.14781pt>
File: cs2_categoricalBarplot.jpg Graphic file (type jpg)

<use cs2_categoricalBarplot.jpg> [66pdfTeX warning (ext4): destination with the
 same identifier (name{table.9}) has been already used, duplicate ignored

\AtBegShi@Output ...ipout \box \AtBeginShipoutBox 
                                                  \fi \fi 
l.1973 
       ] [67pdfTeX warning (ext4): destination with the same identifier (name{f
igure.28}) has been already used, duplicate ignored

\AtBegShi@Output ...ipout \box \AtBeginShipoutBox 
                                                  \fi \fi 
l.2020 \end{verbatim}
                      <./cs2_categoricalBarplot.jpg>]
Overfull \hbox (53.40887pt too wide) in paragraph at lines 2034--2044
 [] 
 []


LaTeX Warning: `!h' float specifier changed to `!ht'.

[68] <cs2_noRibsRight_percentageplot.jpg, id=453, 591.71063pt x 303.38344pt>
File: cs2_noRibsRight_percentageplot.jpg Graphic file (type jpg)

<use cs2_noRibsRight_percentageplot.jpg> [69pdfTeX warning (ext4): destination 
with the same identifier (name{table.10}) has been already used, duplicate igno
red

\AtBegShi@Output ...ipout \box \AtBeginShipoutBox 
                                                  \fi \fi 
l.2082 
       pdfTeX warning (ext4): destination with the same identifier (name{figure
.29}) has been already used, duplicate ignored

\AtBegShi@Output ...ipout \box \AtBeginShipoutBox 
                                                  \fi \fi 
l.2082 
        <./cs2_noRibsRight_percentageplot.jpg>] [70]
Overfull \hbox (60.50647pt too wide) in paragraph at lines 2147--2147
[]      \OT1/cmtt/m/n/8 result <- testDataset(phenList, variable, method="MM",e
quation="withoutWeight",outputMessages=FALSE)[] 
 []


Overfull \hbox (52.00635pt too wide) in paragraph at lines 2199--2199
[]\OT1/cmtt/m/n/8 clusterEvalQ(cluster, try({ fn = paste(getwd(), "./", Sys.inf
o()[4], "-", Sys.getpid(), ".log", sep="");[] 
 []

[71]

Package natbib Warning: There were undefined citations.

Package atveryend Info: Empty hook `BeforeClearDocument' on input line 2233.
[72]
Package atveryend Info: Empty hook `AfterLastShipout' on input line 2233.
 (./PhenStatUsersGuide.aux

Package natbib Warning: Citation(s) may have changed.
(natbib)                Rerun to get citations correct.

)
Package atveryend Info: Executing hook `AtVeryEndDocument' on input line 2233.


Package rerunfilecheck Warning: File `PhenStatUsersGuide.out' has changed.
(rerunfilecheck)                Rerun to get outlines right
(rerunfilecheck)                or use package `bookmark'.

Package rerunfilecheck Info: Checksums for `PhenStatUsersGuide.out':
(rerunfilecheck)             Before: <no file>
(rerunfilecheck)             After:  FF203FA795CFD2479EB7A0A27116D36B;3091.

LaTeX Warning: There were undefined references.


LaTeX Warning: Label(s) may have changed. Rerun to get cross-references right.

 ) 
Here is how much of TeX's memory you used:
 7091 strings out of 493747
 101153 string characters out of 3143545
 262638 words of memory out of 3000000
 10024 multiletter control sequences out of 15000+200000
 15599 words of font info for 59 fonts, out of 3000000 for 9000
 714 hyphenation exceptions out of 8191
 31i,13n,31p,1055b,470s stack positions out of 5000i,500n,10000p,200000b,50000s
</usr/local/texlive/2010/texmf-dist/fonts/type1/public/amsfonts/cm/cmbx12.pfb
></usr/local/texlive/2010/texmf-dist/fonts/type1/public/amsfonts/cm/cmbx7.pfb><
/usr/local/texlive/2010/texmf-dist/fonts/type1/public/amsfonts/cm/cmbxti10.pfb>
</usr/local/texlive/2010/texmf-dist/fonts/type1/public/amsfonts/cm/cmmi12.pfb><
/usr/local/texlive/2010/texmf-dist/fonts/type1/public/amsfonts/cm/cmr12.pfb></u
sr/local/texlive/2010/texmf-dist/fonts/type1/public/amsfonts/cm/cmr17.pfb></usr
/local/texlive/2010/texmf-dist/fonts/type1/public/amsfonts/cm/cmr7.pfb></usr/lo
cal/texlive/2010/texmf-dist/fonts/type1/public/amsfonts/cm/cmr8.pfb></usr/local
/texlive/2010/texmf-dist/fonts/type1/public/amsfonts/cm/cmsy10.pfb></usr/local/
texlive/2010/texmf-dist/fonts/type1/public/amsfonts/cm/cmsy7.pfb></usr/local/te
xlive/2010/texmf-dist/fonts/type1/public/amsfonts/cm/cmti12.pfb></usr/local/tex
live/2010/texmf-dist/fonts/type1/public/amsfonts/cm/cmti7.pfb></usr/local/texli
ve/2010/texmf-dist/fonts/type1/public/amsfonts/cm/cmti8.pfb></usr/local/texlive
/2010/texmf-dist/fonts/type1/public/amsfonts/cm/cmtt8.pfb></usr/local/texlive/2
010/texmf-dist/fonts/type1/public/amsfonts/symbols/msam10.pfb>
Output written on PhenStatUsersGuide.pdf (72 pages, 1476619 bytes).
PDF statistics:
 572 PDF objects out of 1000 (max. 8388607)
 429 compressed objects within 5 object streams
 173 named destinations out of 1000 (max. 500000)
 146 words of extra memory for PDF output out of 10000 (max. 10000000)

