\BOOKMARK [1][-]{section.1}{Introduction}{}
\BOOKMARK [1][-]{section.2}{Data Processing with PhenList Function}{}
\BOOKMARK [2][-]{subsection.2.1}{Terminology Unification}{section.2}
\BOOKMARK [2][-]{subsection.2.2}{Filtering}{section.2}
\BOOKMARK [2][-]{subsection.2.3}{Dataset Checks}{section.2}
\BOOKMARK [2][-]{subsection.2.4}{PhenList Object}{section.2}
\BOOKMARK [1][-]{section.3}{Statistical Analysis}{}
\BOOKMARK [2][-]{subsection.3.1}{Manager for Analysis Methods \205 testDataset function}{section.3}
\BOOKMARK [2][-]{subsection.3.2}{Mixed Model Framework}{section.3}
\BOOKMARK [3][-]{subsubsection.3.2.1}{Motivation}{subsection.3.2}
\BOOKMARK [3][-]{subsubsection.3.2.2}{Theory}{subsection.3.2}
\BOOKMARK [3][-]{subsubsection.3.2.3}{Implementation}{subsection.3.2}
\BOOKMARK [3][-]{subsubsection.3.2.4}{Diagnostics}{subsection.3.2}
\BOOKMARK [3][-]{subsubsection.3.2.5}{Classification Tag}{subsection.3.2}
\BOOKMARK [2][-]{subsection.3.3}{Fisher Exact Test Framework}{section.3}
\BOOKMARK [3][-]{subsubsection.3.3.1}{Classification Tag}{subsection.3.3}
\BOOKMARK [1][-]{section.4}{Output of Results}{}
\BOOKMARK [2][-]{subsection.4.1}{Summary Output}{section.4}
\BOOKMARK [2][-]{subsection.4.2}{Vector Format}{section.4}
\BOOKMARK [2][-]{subsection.4.3}{Count Matrices in Vector Format}{section.4}
\BOOKMARK [1][-]{section.5}{Graphics}{}
\BOOKMARK [2][-]{subsection.5.1}{Graphics for Categorical Data}{section.5}
\BOOKMARK [2][-]{subsection.5.2}{Graphics for Continuous Data}{section.5}
\BOOKMARK [1][-]{section.6}{Case Studies}{}
\BOOKMARK [2][-]{subsection.6.1}{PhenStat Usage Example Continuous Data}{section.6}
\BOOKMARK [3][-]{subsubsection.6.1.1}{Loading the data and initial steps of analysis}{subsection.6.1}
\BOOKMARK [3][-]{subsubsection.6.1.2}{Exploring and understanding the output}{subsection.6.1}
\BOOKMARK [3][-]{subsubsection.6.1.3}{Assessment of raw data and distribution characteristics}{subsection.6.1}
\BOOKMARK [3][-]{subsubsection.6.1.4}{Assessment of model fit}{subsection.6.1}
\BOOKMARK [3][-]{subsubsection.6.1.5}{Including weight as a covariate in the model fitting process}{subsection.6.1}
\BOOKMARK [3][-]{subsubsection.6.1.6}{Additional model diagnostics when weight is included}{subsection.6.1}
\BOOKMARK [2][-]{subsection.6.2}{PhenStat Usage Example Categorical Data}{section.6}
\BOOKMARK [3][-]{subsubsection.6.2.1}{Loading the data and initial steps of analysis}{subsection.6.2}
\BOOKMARK [3][-]{subsubsection.6.2.2}{Visualisation of data}{subsection.6.2}
\BOOKMARK [3][-]{subsubsection.6.2.3}{Understanding the summaryOutput}{subsection.6.2}
\BOOKMARK [3][-]{subsubsection.6.2.4}{Understanding the maximum effect size reported}{subsection.6.2}
\BOOKMARK [3][-]{subsubsection.6.2.5}{A dependent variable with little variation}{subsection.6.2}
\BOOKMARK [2][-]{subsection.6.3}{PhenStat Example Using Cluster}{section.6}
